This file contains any messages produced by compilers while
running configure, to aid debugging if configure makes a mistake.

It was created by sphinxbase configure 5prealpha, which was
generated by GNU Autoconf 2.69.  Invocation command line was

  $ ./configure 

## --------- ##
## Platform. ##
## --------- ##

hostname = indraneel-Macmini
uname -m = x86_64
uname -r = 4.4.0-127-generic
uname -s = Linux
uname -v = #153-Ubuntu SMP Sat May 19 10:58:46 UTC 2018

/usr/bin/uname -p = unknown
/bin/uname -X     = unknown

/bin/arch              = unknown
/usr/bin/arch -k       = unknown
/usr/convex/getsysinfo = unknown
/usr/bin/hostinfo      = unknown
/bin/machine           = unknown
/usr/bin/oslevel       = unknown
/bin/universe          = unknown

PATH: /home/indraneel/anaconda3/bin
PATH: /home/indraneel/Downloads/google-cloud-sdk/bin
PATH: /home/indraneel/bin
PATH: /home/indraneel/.local/bin
PATH: /usr/local/sbin
PATH: /usr/local/bin
PATH: /usr/sbin
PATH: /usr/bin
PATH: /sbin
PATH: /bin
PATH: /usr/games
PATH: /usr/local/games
PATH: /snap/bin
PATH: /usr/lib/jvm/java-8-oracle/bin
PATH: /usr/lib/jvm/java-8-oracle/db/bin
PATH: /usr/lib/jvm/java-8-oracle/jre/bin
PATH: /usr/local/spark/bin


## ----------- ##
## Core tests. ##
## ----------- ##

configure:2556: checking for a BSD-compatible install
configure:2624: result: /usr/bin/install -c
configure:2635: checking whether build environment is sane
configure:2690: result: yes
configure:2841: checking for a thread-safe mkdir -p
configure:2880: result: /bin/mkdir -p
configure:2887: checking for gawk
configure:2903: found /usr/bin/gawk
configure:2914: result: gawk
configure:2925: checking whether make sets $(MAKE)
configure:2947: result: yes
configure:2976: checking whether make supports nested variables
configure:2993: result: yes
configure:3118: checking build system type
configure:3132: result: x86_64-unknown-linux-gnu
configure:3152: checking host system type
configure:3165: result: x86_64-unknown-linux-gnu
configure:3197: checking for style of include used by make
configure:3225: result: GNU
configure:3296: checking for gcc
configure:3312: found /usr/bin/gcc
configure:3323: result: gcc
configure:3552: checking for C compiler version
configure:3561: gcc --version >&5
gcc (Ubuntu 5.4.0-6ubuntu1~16.04.9) 5.4.0 20160609
Copyright (C) 2015 Free Software Foundation, Inc.
This is free software; see the source for copying conditions.  There is NO
warranty; not even for MERCHANTABILITY or FITNESS FOR A PARTICULAR PURPOSE.

configure:3572: $? = 0
configure:3561: gcc -v >&5
Using built-in specs.
COLLECT_GCC=gcc
COLLECT_LTO_WRAPPER=/usr/lib/gcc/x86_64-linux-gnu/5/lto-wrapper
Target: x86_64-linux-gnu
Configured with: ../src/configure -v --with-pkgversion='Ubuntu 5.4.0-6ubuntu1~16.04.9' --with-bugurl=file:///usr/share/doc/gcc-5/README.Bugs --enable-languages=c,ada,c++,java,go,d,fortran,objc,obj-c++ --prefix=/usr --program-suffix=-5 --enable-shared --enable-linker-build-id --libexecdir=/usr/lib --without-included-gettext --enable-threads=posix --libdir=/usr/lib --enable-nls --with-sysroot=/ --enable-clocale=gnu --enable-libstdcxx-debug --enable-libstdcxx-time=yes --with-default-libstdcxx-abi=new --enable-gnu-unique-object --disable-vtable-verify --enable-libmpx --enable-plugin --with-system-zlib --disable-browser-plugin --enable-java-awt=gtk --enable-gtk-cairo --with-java-home=/usr/lib/jvm/java-1.5.0-gcj-5-amd64/jre --enable-java-home --with-jvm-root-dir=/usr/lib/jvm/java-1.5.0-gcj-5-amd64 --with-jvm-jar-dir=/usr/lib/jvm-exports/java-1.5.0-gcj-5-amd64 --with-arch-directory=amd64 --with-ecj-jar=/usr/share/java/eclipse-ecj.jar --enable-objc-gc --enable-multiarch --disable-werror --with-arch-32=i686 --with-abi=m64 --with-multilib-list=m32,m64,mx32 --enable-multilib --with-tune=generic --enable-checking=release --build=x86_64-linux-gnu --host=x86_64-linux-gnu --target=x86_64-linux-gnu
Thread model: posix
gcc version 5.4.0 20160609 (Ubuntu 5.4.0-6ubuntu1~16.04.9) 
configure:3572: $? = 0
configure:3561: gcc -V >&5
gcc: error: unrecognized command line option '-V'
gcc: fatal error: no input files
compilation terminated.
configure:3572: $? = 1
configure:3561: gcc -qversion >&5
gcc: error: unrecognized command line option '-qversion'
gcc: fatal error: no input files
compilation terminated.
configure:3572: $? = 1
configure:3592: checking whether the C compiler works
configure:3614: gcc -g -O2 -Wall   conftest.c  >&5
configure:3618: $? = 0
configure:3666: result: yes
configure:3669: checking for C compiler default output file name
configure:3671: result: a.out
configure:3677: checking for suffix of executables
configure:3684: gcc -o conftest -g -O2 -Wall   conftest.c  >&5
configure:3688: $? = 0
configure:3710: result: 
configure:3732: checking whether we are cross compiling
configure:3740: gcc -o conftest -g -O2 -Wall   conftest.c  >&5
configure:3744: $? = 0
configure:3751: ./conftest
configure:3755: $? = 0
configure:3770: result: no
configure:3775: checking for suffix of object files
configure:3797: gcc -c -g -O2 -Wall  conftest.c >&5
configure:3801: $? = 0
configure:3822: result: o
configure:3826: checking whether we are using the GNU C compiler
configure:3845: gcc -c -g -O2 -Wall  conftest.c >&5
configure:3845: $? = 0
configure:3854: result: yes
configure:3863: checking whether gcc accepts -g
configure:3883: gcc -c -g  conftest.c >&5
configure:3883: $? = 0
configure:3924: result: yes
configure:3941: checking for gcc option to accept ISO C89
configure:4004: gcc  -c -g -O2 -Wall  conftest.c >&5
configure:4004: $? = 0
configure:4017: result: none needed
configure:4042: checking whether gcc understands -c and -o together
configure:4064: gcc -c conftest.c -o conftest2.o
configure:4067: $? = 0
configure:4064: gcc -c conftest.c -o conftest2.o
configure:4067: $? = 0
configure:4079: result: yes
configure:4098: checking dependency style of gcc
configure:4209: result: gcc3
configure:4225: checking for library containing strerror
configure:4256: gcc -o conftest -g -O2 -Wall   conftest.c  >&5
configure:4256: $? = 0
configure:4273: result: none required
configure:4329: checking for gcc
configure:4356: result: gcc
configure:4585: checking for C compiler version
configure:4594: gcc --version >&5
gcc (Ubuntu 5.4.0-6ubuntu1~16.04.9) 5.4.0 20160609
Copyright (C) 2015 Free Software Foundation, Inc.
This is free software; see the source for copying conditions.  There is NO
warranty; not even for MERCHANTABILITY or FITNESS FOR A PARTICULAR PURPOSE.

configure:4605: $? = 0
configure:4594: gcc -v >&5
Using built-in specs.
COLLECT_GCC=gcc
COLLECT_LTO_WRAPPER=/usr/lib/gcc/x86_64-linux-gnu/5/lto-wrapper
Target: x86_64-linux-gnu
Configured with: ../src/configure -v --with-pkgversion='Ubuntu 5.4.0-6ubuntu1~16.04.9' --with-bugurl=file:///usr/share/doc/gcc-5/README.Bugs --enable-languages=c,ada,c++,java,go,d,fortran,objc,obj-c++ --prefix=/usr --program-suffix=-5 --enable-shared --enable-linker-build-id --libexecdir=/usr/lib --without-included-gettext --enable-threads=posix --libdir=/usr/lib --enable-nls --with-sysroot=/ --enable-clocale=gnu --enable-libstdcxx-debug --enable-libstdcxx-time=yes --with-default-libstdcxx-abi=new --enable-gnu-unique-object --disable-vtable-verify --enable-libmpx --enable-plugin --with-system-zlib --disable-browser-plugin --enable-java-awt=gtk --enable-gtk-cairo --with-java-home=/usr/lib/jvm/java-1.5.0-gcj-5-amd64/jre --enable-java-home --with-jvm-root-dir=/usr/lib/jvm/java-1.5.0-gcj-5-amd64 --with-jvm-jar-dir=/usr/lib/jvm-exports/java-1.5.0-gcj-5-amd64 --with-arch-directory=amd64 --with-ecj-jar=/usr/share/java/eclipse-ecj.jar --enable-objc-gc --enable-multiarch --disable-werror --with-arch-32=i686 --with-abi=m64 --with-multilib-list=m32,m64,mx32 --enable-multilib --with-tune=generic --enable-checking=release --build=x86_64-linux-gnu --host=x86_64-linux-gnu --target=x86_64-linux-gnu
Thread model: posix
gcc version 5.4.0 20160609 (Ubuntu 5.4.0-6ubuntu1~16.04.9) 
configure:4605: $? = 0
configure:4594: gcc -V >&5
gcc: error: unrecognized command line option '-V'
gcc: fatal error: no input files
compilation terminated.
configure:4605: $? = 1
configure:4594: gcc -qversion >&5
gcc: error: unrecognized command line option '-qversion'
gcc: fatal error: no input files
compilation terminated.
configure:4605: $? = 1
configure:4609: checking whether we are using the GNU C compiler
configure:4637: result: yes
configure:4646: checking whether gcc accepts -g
configure:4707: result: yes
configure:4724: checking for gcc option to accept ISO C89
configure:4800: result: none needed
configure:4825: checking whether gcc understands -c and -o together
configure:4862: result: yes
configure:4881: checking dependency style of gcc
configure:4992: result: gcc3
configure:5011: checking for gcc option to accept ISO C99
configure:5160: gcc  -c -g -O2 -Wall  conftest.c >&5
conftest.c: In function 'test_varargs':
conftest.c:80:9: warning: variable 'fnumber' set but not used [-Wunused-but-set-variable]
   float fnumber;
         ^
conftest.c:79:7: warning: variable 'number' set but not used [-Wunused-but-set-variable]
   int number;
       ^
conftest.c:78:15: warning: variable 'str' set but not used [-Wunused-but-set-variable]
   const char *str;
               ^
configure:5160: $? = 0
configure:5173: result: none needed
configure:5281: checking for gcc option to accept ISO Standard C
configure:5292: result: none needed
configure:5346: checking how to print strings
configure:5373: result: printf
configure:5394: checking for a sed that does not truncate output
configure:5458: result: /bin/sed
configure:5476: checking for grep that handles long lines and -e
configure:5534: result: /bin/grep
configure:5539: checking for egrep
configure:5601: result: /bin/grep -E
configure:5606: checking for fgrep
configure:5668: result: /bin/grep -F
configure:5703: checking for ld used by gcc
configure:5770: result: /usr/bin/ld
configure:5777: checking if the linker (/usr/bin/ld) is GNU ld
configure:5792: result: yes
configure:5804: checking for BSD- or MS-compatible name lister (nm)
configure:5858: result: /usr/bin/nm -B
configure:5988: checking the name lister (/usr/bin/nm -B) interface
configure:5995: gcc -c -g -O2 -Wall  conftest.c >&5
configure:5998: /usr/bin/nm -B "conftest.o"
configure:6001: output
0000000000000000 B some_variable
configure:6008: result: BSD nm
configure:6011: checking whether ln -s works
configure:6015: result: yes
configure:6023: checking the maximum length of command line arguments
configure:6154: result: 1572864
configure:6202: checking how to convert x86_64-unknown-linux-gnu file names to x86_64-unknown-linux-gnu format
configure:6242: result: func_convert_file_noop
configure:6249: checking how to convert x86_64-unknown-linux-gnu file names to toolchain format
configure:6269: result: func_convert_file_noop
configure:6276: checking for /usr/bin/ld option to reload object files
configure:6283: result: -r
configure:6357: checking for objdump
configure:6373: found /usr/bin/objdump
configure:6384: result: objdump
configure:6416: checking how to recognize dependent libraries
configure:6616: result: pass_all
configure:6701: checking for dlltool
configure:6731: result: no
configure:6761: checking how to associate runtime and link libraries
configure:6788: result: printf %s\n
configure:6848: checking for ar
configure:6864: found /usr/bin/ar
configure:6875: result: ar
configure:6912: checking for archiver @FILE support
configure:6929: gcc -c -g -O2 -Wall  conftest.c >&5
configure:6929: $? = 0
configure:6932: ar cru libconftest.a @conftest.lst >&5
ar: `u' modifier ignored since `D' is the default (see `U')
configure:6935: $? = 0
configure:6940: ar cru libconftest.a @conftest.lst >&5
ar: `u' modifier ignored since `D' is the default (see `U')
ar: conftest.o: No such file or directory
configure:6943: $? = 1
configure:6955: result: @
configure:7013: checking for strip
configure:7029: found /usr/bin/strip
configure:7040: result: strip
configure:7112: checking for ranlib
configure:7128: found /usr/bin/ranlib
configure:7139: result: ranlib
configure:7241: checking command to parse /usr/bin/nm -B output from gcc object
configure:7394: gcc -c -g -O2 -Wall  conftest.c >&5
configure:7397: $? = 0
configure:7401: /usr/bin/nm -B conftest.o \| sed -n -e 's/^.*[ ]\([ABCDGIRSTW][ABCDGIRSTW]*\)[ ][ ]*\([_A-Za-z][_A-Za-z0-9]*\)$/\1 \2 \2/p' | sed '/ __gnu_lto/d' \> conftest.nm
configure:7404: $? = 0
configure:7470: gcc -o conftest -g -O2 -Wall   conftest.c conftstm.o >&5
configure:7473: $? = 0
configure:7511: result: ok
configure:7558: checking for sysroot
configure:7588: result: no
configure:7595: checking for a working dd
configure:7633: result: /bin/dd
configure:7637: checking how to truncate binary pipes
configure:7652: result: /bin/dd bs=4096 count=1
configure:7788: gcc -c -g -O2 -Wall  conftest.c >&5
configure:7791: $? = 0
configure:7981: checking for mt
configure:7997: found /bin/mt
configure:8008: result: mt
configure:8031: checking if mt is a manifest tool
configure:8037: mt '-?'
configure:8045: result: no
configure:8722: checking how to run the C preprocessor
configure:8753: gcc -E  conftest.c
configure:8753: $? = 0
configure:8767: gcc -E  conftest.c
conftest.c:9:28: fatal error: ac_nonexistent.h: No such file or directory
compilation terminated.
configure:8767: $? = 1
configure: failed program was:
| /* confdefs.h */
| #define PACKAGE_NAME "sphinxbase"
| #define PACKAGE_TARNAME "sphinxbase"
| #define PACKAGE_VERSION "5prealpha"
| #define PACKAGE_STRING "sphinxbase 5prealpha"
| #define PACKAGE_BUGREPORT ""
| #define PACKAGE_URL ""
| /* end confdefs.h.  */
| #include <ac_nonexistent.h>
configure:8792: result: gcc -E
configure:8812: gcc -E  conftest.c
configure:8812: $? = 0
configure:8826: gcc -E  conftest.c
conftest.c:9:28: fatal error: ac_nonexistent.h: No such file or directory
compilation terminated.
configure:8826: $? = 1
configure: failed program was:
| /* confdefs.h */
| #define PACKAGE_NAME "sphinxbase"
| #define PACKAGE_TARNAME "sphinxbase"
| #define PACKAGE_VERSION "5prealpha"
| #define PACKAGE_STRING "sphinxbase 5prealpha"
| #define PACKAGE_BUGREPORT ""
| #define PACKAGE_URL ""
| /* end confdefs.h.  */
| #include <ac_nonexistent.h>
configure:8855: checking for ANSI C header files
configure:8875: gcc -c -g -O2 -Wall  conftest.c >&5
configure:8875: $? = 0
configure:8948: gcc -o conftest -g -O2 -Wall   conftest.c  >&5
configure:8948: $? = 0
configure:8948: ./conftest
configure:8948: $? = 0
configure:8959: result: yes
configure:8972: checking for sys/types.h
configure:8972: gcc -c -g -O2 -Wall  conftest.c >&5
configure:8972: $? = 0
configure:8972: result: yes
configure:8972: checking for sys/stat.h
configure:8972: gcc -c -g -O2 -Wall  conftest.c >&5
configure:8972: $? = 0
configure:8972: result: yes
configure:8972: checking for stdlib.h
configure:8972: gcc -c -g -O2 -Wall  conftest.c >&5
configure:8972: $? = 0
configure:8972: result: yes
configure:8972: checking for string.h
configure:8972: gcc -c -g -O2 -Wall  conftest.c >&5
configure:8972: $? = 0
configure:8972: result: yes
configure:8972: checking for memory.h
configure:8972: gcc -c -g -O2 -Wall  conftest.c >&5
configure:8972: $? = 0
configure:8972: result: yes
configure:8972: checking for strings.h
configure:8972: gcc -c -g -O2 -Wall  conftest.c >&5
configure:8972: $? = 0
configure:8972: result: yes
configure:8972: checking for inttypes.h
configure:8972: gcc -c -g -O2 -Wall  conftest.c >&5
configure:8972: $? = 0
configure:8972: result: yes
configure:8972: checking for stdint.h
configure:8972: gcc -c -g -O2 -Wall  conftest.c >&5
configure:8972: $? = 0
configure:8972: result: yes
configure:8972: checking for unistd.h
configure:8972: gcc -c -g -O2 -Wall  conftest.c >&5
configure:8972: $? = 0
configure:8972: result: yes
configure:8986: checking for dlfcn.h
configure:8986: gcc -c -g -O2 -Wall  conftest.c >&5
configure:8986: $? = 0
configure:8986: result: yes
configure:9242: checking for objdir
configure:9257: result: .libs
configure:9521: checking if gcc supports -fno-rtti -fno-exceptions
configure:9539: gcc -c -g -O2 -Wall  -fno-rtti -fno-exceptions conftest.c >&5
cc1: warning: command line option '-fno-rtti' is valid for C++/ObjC++ but not for C
configure:9543: $? = 0
configure:9556: result: no
configure:9914: checking for gcc option to produce PIC
configure:9921: result: -fPIC -DPIC
configure:9929: checking if gcc PIC flag -fPIC -DPIC works
configure:9947: gcc -c -g -O2 -Wall  -fPIC -DPIC -DPIC conftest.c >&5
configure:9951: $? = 0
configure:9964: result: yes
configure:9993: checking if gcc static flag -static works
configure:10021: result: yes
configure:10036: checking if gcc supports -c -o file.o
configure:10057: gcc -c -g -O2 -Wall  -o out/conftest2.o conftest.c >&5
configure:10061: $? = 0
configure:10083: result: yes
configure:10091: checking if gcc supports -c -o file.o
configure:10138: result: yes
configure:10171: checking whether the gcc linker (/usr/bin/ld -m elf_x86_64) supports shared libraries
configure:11430: result: yes
configure:11467: checking whether -lc should be explicitly linked in
configure:11475: gcc -c -g -O2 -Wall  conftest.c >&5
configure:11478: $? = 0
configure:11493: gcc -shared  -fPIC -DPIC conftest.o  -v -Wl,-soname -Wl,conftest -o conftest 2\>\&1 \| /bin/grep  -lc  \>/dev/null 2\>\&1
configure:11496: $? = 0
configure:11510: result: no
configure:11670: checking dynamic linker characteristics
configure:12251: gcc -o conftest -g -O2 -Wall   -Wl,-rpath -Wl,/foo conftest.c  >&5
configure:12251: $? = 0
configure:12488: result: GNU/Linux ld.so
configure:12610: checking how to hardcode library paths into programs
configure:12635: result: immediate
configure:13183: checking whether stripping libraries is possible
configure:13188: result: yes
configure:13223: checking if libtool supports shared libraries
configure:13225: result: yes
configure:13228: checking whether to build shared libraries
configure:13253: result: yes
configure:13256: checking whether to build static libraries
configure:13260: result: yes
configure:13302: checking for bison
configure:13318: found /usr/bin/bison
configure:13330: result: bison -y
configure:13344: checking for ANSI C header files
configure:13448: result: yes
configure:13456: checking whether byte ordering is bigendian
configure:13471: gcc -c -g -O2 -Wall  conftest.c >&5
conftest.c:23:9: error: unknown type name 'not'
         not a universal capable compiler
         ^
conftest.c:23:15: error: expected '=', ',', ';', 'asm' or '__attribute__' before 'universal'
         not a universal capable compiler
               ^
conftest.c:23:15: error: unknown type name 'universal'
configure:13471: $? = 1
configure: failed program was:
| /* confdefs.h */
| #define PACKAGE_NAME "sphinxbase"
| #define PACKAGE_TARNAME "sphinxbase"
| #define PACKAGE_VERSION "5prealpha"
| #define PACKAGE_STRING "sphinxbase 5prealpha"
| #define PACKAGE_BUGREPORT ""
| #define PACKAGE_URL ""
| #define STDC_HEADERS 1
| #define HAVE_SYS_TYPES_H 1
| #define HAVE_SYS_STAT_H 1
| #define HAVE_STDLIB_H 1
| #define HAVE_STRING_H 1
| #define HAVE_MEMORY_H 1
| #define HAVE_STRINGS_H 1
| #define HAVE_INTTYPES_H 1
| #define HAVE_STDINT_H 1
| #define HAVE_UNISTD_H 1
| #define HAVE_DLFCN_H 1
| #define LT_OBJDIR ".libs/"
| #define STDC_HEADERS 1
| /* end confdefs.h.  */
| #ifndef __APPLE_CC__
| 	       not a universal capable compiler
| 	     #endif
| 	     typedef int dummy;
| 
configure:13516: gcc -c -g -O2 -Wall  conftest.c >&5
configure:13516: $? = 0
configure:13534: gcc -c -g -O2 -Wall  conftest.c >&5
conftest.c: In function 'main':
conftest.c:29:4: error: unknown type name 'not'
    not big endian
    ^
conftest.c:29:12: error: expected '=', ',', ';', 'asm' or '__attribute__' before 'endian'
    not big endian
            ^
configure:13534: $? = 1
configure: failed program was:
| /* confdefs.h */
| #define PACKAGE_NAME "sphinxbase"
| #define PACKAGE_TARNAME "sphinxbase"
| #define PACKAGE_VERSION "5prealpha"
| #define PACKAGE_STRING "sphinxbase 5prealpha"
| #define PACKAGE_BUGREPORT ""
| #define PACKAGE_URL ""
| #define STDC_HEADERS 1
| #define HAVE_SYS_TYPES_H 1
| #define HAVE_SYS_STAT_H 1
| #define HAVE_STDLIB_H 1
| #define HAVE_STRING_H 1
| #define HAVE_MEMORY_H 1
| #define HAVE_STRINGS_H 1
| #define HAVE_INTTYPES_H 1
| #define HAVE_STDINT_H 1
| #define HAVE_UNISTD_H 1
| #define HAVE_DLFCN_H 1
| #define LT_OBJDIR ".libs/"
| #define STDC_HEADERS 1
| /* end confdefs.h.  */
| #include <sys/types.h>
| 		#include <sys/param.h>
| 
| int
| main ()
| {
| #if BYTE_ORDER != BIG_ENDIAN
| 		 not big endian
| 		#endif
| 
|   ;
|   return 0;
| }
configure:13662: result: no
configure:13680: checking return type of signal handlers
configure:13698: gcc -c -g -O2 -Wall  conftest.c >&5
conftest.c: In function 'main':
conftest.c:28:9: error: void value not ignored as it ought to be
 return *(signal (0, 0)) (0) == 1;
         ^
configure:13698: $? = 1
configure: failed program was:
| /* confdefs.h */
| #define PACKAGE_NAME "sphinxbase"
| #define PACKAGE_TARNAME "sphinxbase"
| #define PACKAGE_VERSION "5prealpha"
| #define PACKAGE_STRING "sphinxbase 5prealpha"
| #define PACKAGE_BUGREPORT ""
| #define PACKAGE_URL ""
| #define STDC_HEADERS 1
| #define HAVE_SYS_TYPES_H 1
| #define HAVE_SYS_STAT_H 1
| #define HAVE_STDLIB_H 1
| #define HAVE_STRING_H 1
| #define HAVE_MEMORY_H 1
| #define HAVE_STRINGS_H 1
| #define HAVE_INTTYPES_H 1
| #define HAVE_STDINT_H 1
| #define HAVE_UNISTD_H 1
| #define HAVE_DLFCN_H 1
| #define LT_OBJDIR ".libs/"
| #define STDC_HEADERS 1
| /* end confdefs.h.  */
| #include <sys/types.h>
| #include <signal.h>
| 
| int
| main ()
| {
| return *(signal (0, 0)) (0) == 1;
|   ;
|   return 0;
| }
configure:13705: result: void
configure:13713: checking for long long
configure:13713: gcc -c -g -O2 -Wall  conftest.c >&5
configure:13713: $? = 0
configure:13713: gcc -c -g -O2 -Wall  conftest.c >&5
conftest.c: In function 'main':
conftest.c:59:24: error: expected expression before ')' token
 if (sizeof ((long long)))
                        ^
configure:13713: $? = 1
configure: failed program was:
| /* confdefs.h */
| #define PACKAGE_NAME "sphinxbase"
| #define PACKAGE_TARNAME "sphinxbase"
| #define PACKAGE_VERSION "5prealpha"
| #define PACKAGE_STRING "sphinxbase 5prealpha"
| #define PACKAGE_BUGREPORT ""
| #define PACKAGE_URL ""
| #define STDC_HEADERS 1
| #define HAVE_SYS_TYPES_H 1
| #define HAVE_SYS_STAT_H 1
| #define HAVE_STDLIB_H 1
| #define HAVE_STRING_H 1
| #define HAVE_MEMORY_H 1
| #define HAVE_STRINGS_H 1
| #define HAVE_INTTYPES_H 1
| #define HAVE_STDINT_H 1
| #define HAVE_UNISTD_H 1
| #define HAVE_DLFCN_H 1
| #define LT_OBJDIR ".libs/"
| #define STDC_HEADERS 1
| #define RETSIGTYPE void
| /* end confdefs.h.  */
| #include <stdio.h>
| #ifdef HAVE_SYS_TYPES_H
| # include <sys/types.h>
| #endif
| #ifdef HAVE_SYS_STAT_H
| # include <sys/stat.h>
| #endif
| #ifdef STDC_HEADERS
| # include <stdlib.h>
| # include <stddef.h>
| #else
| # ifdef HAVE_STDLIB_H
| #  include <stdlib.h>
| # endif
| #endif
| #ifdef HAVE_STRING_H
| # if !defined STDC_HEADERS && defined HAVE_MEMORY_H
| #  include <memory.h>
| # endif
| # include <string.h>
| #endif
| #ifdef HAVE_STRINGS_H
| # include <strings.h>
| #endif
| #ifdef HAVE_INTTYPES_H
| # include <inttypes.h>
| #endif
| #ifdef HAVE_STDINT_H
| # include <stdint.h>
| #endif
| #ifdef HAVE_UNISTD_H
| # include <unistd.h>
| #endif
| int
| main ()
| {
| if (sizeof ((long long)))
| 	    return 0;
|   ;
|   return 0;
| }
configure:13713: result: yes
configure:13727: checking size of long long
configure:13732: gcc -o conftest -g -O2 -Wall   conftest.c  >&5
configure:13732: $? = 0
configure:13732: ./conftest
configure:13732: $? = 0
configure:13746: result: 8
configure:13760: checking size of long
configure:13765: gcc -o conftest -g -O2 -Wall   conftest.c  >&5
configure:13765: $? = 0
configure:13765: ./conftest
configure:13765: $? = 0
configure:13779: result: 8
configure:13792: checking for popen
configure:13792: gcc -o conftest -g -O2 -Wall   conftest.c  >&5
configure:13792: $? = 0
configure:13792: result: yes
configure:13792: checking for perror
configure:13792: gcc -o conftest -g -O2 -Wall   conftest.c  >&5
configure:13792: $? = 0
configure:13792: result: yes
configure:13792: checking for snprintf
configure:13792: gcc -o conftest -g -O2 -Wall   conftest.c  >&5
conftest.c:51:6: warning: conflicting types for built-in function 'snprintf'
 char snprintf ();
      ^
configure:13792: $? = 0
configure:13792: result: yes
configure:13801: checking errno.h usability
configure:13801: gcc -c -g -O2 -Wall  conftest.c >&5
configure:13801: $? = 0
configure:13801: result: yes
configure:13801: checking errno.h presence
configure:13801: gcc -E  conftest.c
configure:13801: $? = 0
configure:13801: result: yes
configure:13801: checking for errno.h
configure:13801: result: yes
configure:13821: checking for sgesv_ in -llapack
configure:13846: gcc -o conftest -g -O2 -Wall   conftest.c -llapack   >&5
configure:13846: $? = 0
configure:13855: result: yes
configure:13869: checking for sgemm_ in -lblas
configure:13894: gcc -o conftest -g -O2 -Wall   conftest.c -lblas  -llapack  >&5
configure:13894: $? = 0
configure:13903: result: yes
configure:13938: checking for log in -lm
configure:13963: gcc -o conftest -g -O2 -Wall   conftest.c -lm  -lblas -llapack  >&5
conftest.c:39:6: warning: conflicting types for built-in function 'log'
 char log ();
      ^
configure:13963: $? = 0
configure:13972: result: yes
configure:14003: checking pthread.h usability
configure:14003: gcc -c -g -O2 -Wall  conftest.c >&5
configure:14003: $? = 0
configure:14003: result: yes
configure:14003: checking pthread.h presence
configure:14003: gcc -E  conftest.c
configure:14003: $? = 0
configure:14003: result: yes
configure:14003: checking for pthread.h
configure:14003: result: yes
configure:14013: checking for pthread_create in -lpthread
configure:14038: gcc -o conftest -g -O2 -Wall   conftest.c -lpthread  -lm -lblas -llapack  >&5
configure:14038: $? = 0
configure:14047: result: yes
configure:14120: checking pulse/pulseaudio.h usability
configure:14120: gcc -c -g -O2 -Wall  conftest.c >&5
conftest.c:69:30: fatal error: pulse/pulseaudio.h: No such file or directory
compilation terminated.
configure:14120: $? = 1
configure: failed program was:
| /* confdefs.h */
| #define PACKAGE_NAME "sphinxbase"
| #define PACKAGE_TARNAME "sphinxbase"
| #define PACKAGE_VERSION "5prealpha"
| #define PACKAGE_STRING "sphinxbase 5prealpha"
| #define PACKAGE_BUGREPORT ""
| #define PACKAGE_URL ""
| #define STDC_HEADERS 1
| #define HAVE_SYS_TYPES_H 1
| #define HAVE_SYS_STAT_H 1
| #define HAVE_STDLIB_H 1
| #define HAVE_STRING_H 1
| #define HAVE_MEMORY_H 1
| #define HAVE_STRINGS_H 1
| #define HAVE_INTTYPES_H 1
| #define HAVE_STDINT_H 1
| #define HAVE_UNISTD_H 1
| #define HAVE_DLFCN_H 1
| #define LT_OBJDIR ".libs/"
| #define STDC_HEADERS 1
| #define RETSIGTYPE void
| #define HAVE_LONG_LONG 1
| #define SIZEOF_LONG_LONG 8
| #define SIZEOF_LONG 8
| #define HAVE_POPEN 1
| #define HAVE_PERROR 1
| #define HAVE_SNPRINTF 1
| #define HAVE_LIBLAPACK 1
| #define HAVE_LIBBLAS 1
| #define WITH_LAPACK /**/
| #define HAVE_LIBM 1
| #define HAVE_PTHREAD_H 1
| #define HAVE_LIBPTHREAD 1
| #define ENABLE_THREADS /**/
| /* end confdefs.h.  */
| #include <stdio.h>
| #ifdef HAVE_SYS_TYPES_H
| # include <sys/types.h>
| #endif
| #ifdef HAVE_SYS_STAT_H
| # include <sys/stat.h>
| #endif
| #ifdef STDC_HEADERS
| # include <stdlib.h>
| # include <stddef.h>
| #else
| # ifdef HAVE_STDLIB_H
| #  include <stdlib.h>
| # endif
| #endif
| #ifdef HAVE_STRING_H
| # if !defined STDC_HEADERS && defined HAVE_MEMORY_H
| #  include <memory.h>
| # endif
| # include <string.h>
| #endif
| #ifdef HAVE_STRINGS_H
| # include <strings.h>
| #endif
| #ifdef HAVE_INTTYPES_H
| # include <inttypes.h>
| #endif
| #ifdef HAVE_STDINT_H
| # include <stdint.h>
| #endif
| #ifdef HAVE_UNISTD_H
| # include <unistd.h>
| #endif
| #include <pulse/pulseaudio.h>
configure:14120: result: no
configure:14120: checking pulse/pulseaudio.h presence
configure:14120: gcc -E  conftest.c
conftest.c:36:30: fatal error: pulse/pulseaudio.h: No such file or directory
compilation terminated.
configure:14120: $? = 1
configure: failed program was:
| /* confdefs.h */
| #define PACKAGE_NAME "sphinxbase"
| #define PACKAGE_TARNAME "sphinxbase"
| #define PACKAGE_VERSION "5prealpha"
| #define PACKAGE_STRING "sphinxbase 5prealpha"
| #define PACKAGE_BUGREPORT ""
| #define PACKAGE_URL ""
| #define STDC_HEADERS 1
| #define HAVE_SYS_TYPES_H 1
| #define HAVE_SYS_STAT_H 1
| #define HAVE_STDLIB_H 1
| #define HAVE_STRING_H 1
| #define HAVE_MEMORY_H 1
| #define HAVE_STRINGS_H 1
| #define HAVE_INTTYPES_H 1
| #define HAVE_STDINT_H 1
| #define HAVE_UNISTD_H 1
| #define HAVE_DLFCN_H 1
| #define LT_OBJDIR ".libs/"
| #define STDC_HEADERS 1
| #define RETSIGTYPE void
| #define HAVE_LONG_LONG 1
| #define SIZEOF_LONG_LONG 8
| #define SIZEOF_LONG 8
| #define HAVE_POPEN 1
| #define HAVE_PERROR 1
| #define HAVE_SNPRINTF 1
| #define HAVE_LIBLAPACK 1
| #define HAVE_LIBBLAS 1
| #define WITH_LAPACK /**/
| #define HAVE_LIBM 1
| #define HAVE_PTHREAD_H 1
| #define HAVE_LIBPTHREAD 1
| #define ENABLE_THREADS /**/
| /* end confdefs.h.  */
| #include <pulse/pulseaudio.h>
configure:14120: result: no
configure:14120: checking for pulse/pulseaudio.h
configure:14120: result: no
configure:14217: checking alsa/asoundlib.h usability
configure:14217: gcc -c -g -O2 -Wall  conftest.c >&5
conftest.c:69:28: fatal error: alsa/asoundlib.h: No such file or directory
compilation terminated.
configure:14217: $? = 1
configure: failed program was:
| /* confdefs.h */
| #define PACKAGE_NAME "sphinxbase"
| #define PACKAGE_TARNAME "sphinxbase"
| #define PACKAGE_VERSION "5prealpha"
| #define PACKAGE_STRING "sphinxbase 5prealpha"
| #define PACKAGE_BUGREPORT ""
| #define PACKAGE_URL ""
| #define STDC_HEADERS 1
| #define HAVE_SYS_TYPES_H 1
| #define HAVE_SYS_STAT_H 1
| #define HAVE_STDLIB_H 1
| #define HAVE_STRING_H 1
| #define HAVE_MEMORY_H 1
| #define HAVE_STRINGS_H 1
| #define HAVE_INTTYPES_H 1
| #define HAVE_STDINT_H 1
| #define HAVE_UNISTD_H 1
| #define HAVE_DLFCN_H 1
| #define LT_OBJDIR ".libs/"
| #define STDC_HEADERS 1
| #define RETSIGTYPE void
| #define HAVE_LONG_LONG 1
| #define SIZEOF_LONG_LONG 8
| #define SIZEOF_LONG 8
| #define HAVE_POPEN 1
| #define HAVE_PERROR 1
| #define HAVE_SNPRINTF 1
| #define HAVE_LIBLAPACK 1
| #define HAVE_LIBBLAS 1
| #define WITH_LAPACK /**/
| #define HAVE_LIBM 1
| #define HAVE_PTHREAD_H 1
| #define HAVE_LIBPTHREAD 1
| #define ENABLE_THREADS /**/
| /* end confdefs.h.  */
| #include <stdio.h>
| #ifdef HAVE_SYS_TYPES_H
| # include <sys/types.h>
| #endif
| #ifdef HAVE_SYS_STAT_H
| # include <sys/stat.h>
| #endif
| #ifdef STDC_HEADERS
| # include <stdlib.h>
| # include <stddef.h>
| #else
| # ifdef HAVE_STDLIB_H
| #  include <stdlib.h>
| # endif
| #endif
| #ifdef HAVE_STRING_H
| # if !defined STDC_HEADERS && defined HAVE_MEMORY_H
| #  include <memory.h>
| # endif
| # include <string.h>
| #endif
| #ifdef HAVE_STRINGS_H
| # include <strings.h>
| #endif
| #ifdef HAVE_INTTYPES_H
| # include <inttypes.h>
| #endif
| #ifdef HAVE_STDINT_H
| # include <stdint.h>
| #endif
| #ifdef HAVE_UNISTD_H
| # include <unistd.h>
| #endif
| #include <alsa/asoundlib.h>
configure:14217: result: no
configure:14217: checking alsa/asoundlib.h presence
configure:14217: gcc -E  conftest.c
conftest.c:36:28: fatal error: alsa/asoundlib.h: No such file or directory
compilation terminated.
configure:14217: $? = 1
configure: failed program was:
| /* confdefs.h */
| #define PACKAGE_NAME "sphinxbase"
| #define PACKAGE_TARNAME "sphinxbase"
| #define PACKAGE_VERSION "5prealpha"
| #define PACKAGE_STRING "sphinxbase 5prealpha"
| #define PACKAGE_BUGREPORT ""
| #define PACKAGE_URL ""
| #define STDC_HEADERS 1
| #define HAVE_SYS_TYPES_H 1
| #define HAVE_SYS_STAT_H 1
| #define HAVE_STDLIB_H 1
| #define HAVE_STRING_H 1
| #define HAVE_MEMORY_H 1
| #define HAVE_STRINGS_H 1
| #define HAVE_INTTYPES_H 1
| #define HAVE_STDINT_H 1
| #define HAVE_UNISTD_H 1
| #define HAVE_DLFCN_H 1
| #define LT_OBJDIR ".libs/"
| #define STDC_HEADERS 1
| #define RETSIGTYPE void
| #define HAVE_LONG_LONG 1
| #define SIZEOF_LONG_LONG 8
| #define SIZEOF_LONG 8
| #define HAVE_POPEN 1
| #define HAVE_PERROR 1
| #define HAVE_SNPRINTF 1
| #define HAVE_LIBLAPACK 1
| #define HAVE_LIBBLAS 1
| #define WITH_LAPACK /**/
| #define HAVE_LIBM 1
| #define HAVE_PTHREAD_H 1
| #define HAVE_LIBPTHREAD 1
| #define ENABLE_THREADS /**/
| /* end confdefs.h.  */
| #include <alsa/asoundlib.h>
configure:14217: result: no
configure:14217: checking for alsa/asoundlib.h
configure:14217: result: no
configure:14319: checking for doxygen
configure:14347: result: no
configure:14408: checking for a Python interpreter with version >= 2.6
configure:14425: python -c import sys # split strings by '.' and convert to numeric. Append some zeros # because we need at least 4 digits for the hex conversion. # map returns an iterator in Python 3.0 and a list in 2.x minver = list(map(int, '2.6'.split('.'))) + [0, 0, 0] minverhex = 0 # xrange is not present in Python 3.0 and range returns an iterator for i in list(range(0, 4)): minverhex = (minverhex << 8) + minver[i] sys.exit(sys.hexversion < minverhex)
configure:14428: $? = 0
configure:14434: result: python
configure:14442: checking for python
configure:14460: found /home/indraneel/anaconda3/bin/python
configure:14472: result: /home/indraneel/anaconda3/bin/python
configure:14490: checking for python version
configure:14497: result: 3.6
configure:14509: checking for python platform
configure:14516: result: linux
configure:14542: checking for python script directory
configure:14577: result: ${prefix}/lib/python3.6/site-packages
configure:14586: checking for python extension module directory
configure:14621: result: ${exec_prefix}/lib/python3.6/site-packages
configure:14642: checking for python3.6
configure:14672: result: /home/indraneel/anaconda3/bin/python
configure:14688: checking for a version of Python >= '2.1.0'
configure:14714: result: yes
configure:14745: checking for the distutils Python package
configure:14749: result: yes
configure:14763: checking for Python include path
configure:14779: result: -I/home/indraneel/anaconda3/include/python3.6m
configure:14786: checking for Python library path
configure:14863: result: -L/home/indraneel/anaconda3/lib -lpython3.6m
configure:14870: checking for Python site-packages path
configure:14876: result: /home/indraneel/anaconda3/lib/python3.6/site-packages
configure:14883: checking python extra libraries
configure:14890: result: -lpthread -ldl -lutil -lrt -lm
configure:14897: checking python extra linking flags
configure:14904: result: -Xlinker -export-dynamic
configure:14911: checking consistency of all components of python development environment
configure:14937: gcc -o conftest -g -O2 -Wall  -I/home/indraneel/anaconda3/include/python3.6m  conftest.c -lpthread -lm -lblas -llapack  -L/home/indraneel/anaconda3/lib -lpython3.6m -Xlinker -export-dynamic -lpthread -ldl -lutil -lrt -lm >&5
configure:14937: $? = 0
configure:14954: result: yes
configure:14985: checking for swig
configure:15003: found /usr/bin/swig
configure:15015: result: /usr/bin/swig
configure:15029: checking SWIG version
configure:15032: result: 3.0.8
configure:15081: checking for SWIG library
configure:15084: result: /usr/share/swig3.0
configure:15221: checking that generated files are newer than configure
configure:15227: result: done
configure:15279: creating ./config.status

## ---------------------- ##
## Running config.status. ##
## ---------------------- ##

This file was extended by sphinxbase config.status 5prealpha, which was
generated by GNU Autoconf 2.69.  Invocation command line was

  CONFIG_FILES    = 
  CONFIG_HEADERS  = 
  CONFIG_LINKS    = 
  CONFIG_COMMANDS = 
  $ ./config.status 

on indraneel-Macmini

config.status:1171: creating sphinxbase.pc
config.status:1171: creating Makefile
config.status:1171: creating include/Makefile
config.status:1171: creating include/sphinxbase/Makefile
config.status:1171: creating src/Makefile
config.status:1171: creating src/libsphinxad/Makefile
config.status:1171: creating src/libsphinxbase/Makefile
config.status:1171: creating src/libsphinxbase/util/Makefile
config.status:1171: creating src/libsphinxbase/feat/Makefile
config.status:1171: creating src/libsphinxbase/fe/Makefile
config.status:1171: creating src/libsphinxbase/lm/Makefile
config.status:1171: creating src/sphinx_fe/Makefile
config.status:1171: creating src/sphinx_cepview/Makefile
config.status:1171: creating src/sphinx_jsgf2fsg/Makefile
config.status:1171: creating src/sphinx_adtools/Makefile
config.status:1171: creating src/sphinx_lmtools/Makefile
config.status:1171: creating doc/Makefile
config.status:1171: creating doc/doxyfile
config.status:1171: creating test/Makefile
config.status:1171: creating test/unit/testfuncs.sh
config.status:1171: creating test/unit/Makefile
config.status:1171: creating test/unit/test_alloc/Makefile
config.status:1171: creating test/unit/test_bitvec/Makefile
config.status:1171: creating test/unit/test_case/Makefile
config.status:1171: creating test/unit/test_string/Makefile
config.status:1171: creating test/unit/test_cmdln/Makefile
config.status:1171: creating test/unit/test_hash/Makefile
config.status:1171: creating test/unit/test_matrix/Makefile
config.status:1171: creating test/unit/test_feat/Makefile
config.status:1171: creating test/unit/test_fe/Makefile
config.status:1171: creating test/unit/test_logmath/Makefile
config.status:1171: creating test/unit/test_lineiter/Makefile
config.status:1171: creating test/unit/test_ngram/Makefile
config.status:1171: creating test/unit/test_fsg/Makefile
config.status:1171: creating test/unit/test_thread/Makefile
config.status:1171: creating test/unit/test_util/Makefile
config.status:1171: creating test/regression/testfuncs.sh
config.status:1171: creating test/regression/Makefile
config.status:1171: creating swig/Makefile
config.status:1171: creating swig/python/Makefile
config.status:1171: creating include/config.h
config.status:1171: creating include/sphinx_config.h
config.status:1352: include/sphinx_config.h is unchanged
config.status:1400: executing depfiles commands
config.status:1400: executing libtool commands

## ---------------- ##
## Cache variables. ##
## ---------------- ##

ac_cv_build=x86_64-unknown-linux-gnu
ac_cv_c_bigendian=no
ac_cv_c_compiler_gnu=yes
ac_cv_env_CC_set=
ac_cv_env_CC_value=
ac_cv_env_CFLAGS_set=
ac_cv_env_CFLAGS_value=
ac_cv_env_CPPFLAGS_set=
ac_cv_env_CPPFLAGS_value=
ac_cv_env_CPP_set=
ac_cv_env_CPP_value=
ac_cv_env_LDFLAGS_set=
ac_cv_env_LDFLAGS_value=
ac_cv_env_LIBS_set=
ac_cv_env_LIBS_value=
ac_cv_env_LT_SYS_LIBRARY_PATH_set=
ac_cv_env_LT_SYS_LIBRARY_PATH_value=
ac_cv_env_PYTHON_VERSION_set=
ac_cv_env_PYTHON_VERSION_value=
ac_cv_env_PYTHON_set=
ac_cv_env_PYTHON_value=
ac_cv_env_YACC_set=
ac_cv_env_YACC_value=
ac_cv_env_build_alias_set=
ac_cv_env_build_alias_value=
ac_cv_env_host_alias_set=
ac_cv_env_host_alias_value=
ac_cv_env_target_alias_set=
ac_cv_env_target_alias_value=
ac_cv_func_perror=yes
ac_cv_func_popen=yes
ac_cv_func_snprintf=yes
ac_cv_header_alsa_asoundlib_h=no
ac_cv_header_dlfcn_h=yes
ac_cv_header_errno_h=yes
ac_cv_header_inttypes_h=yes
ac_cv_header_memory_h=yes
ac_cv_header_pthread_h=yes
ac_cv_header_pulse_pulseaudio_h=no
ac_cv_header_stdc=yes
ac_cv_header_stdint_h=yes
ac_cv_header_stdlib_h=yes
ac_cv_header_string_h=yes
ac_cv_header_strings_h=yes
ac_cv_header_sys_stat_h=yes
ac_cv_header_sys_types_h=yes
ac_cv_header_unistd_h=yes
ac_cv_host=x86_64-unknown-linux-gnu
ac_cv_lib_blas_sgemm_=yes
ac_cv_lib_lapack_sgesv_=yes
ac_cv_lib_m_log=yes
ac_cv_lib_pthread_pthread_create=yes
ac_cv_objext=o
ac_cv_path_EGREP='/bin/grep -E'
ac_cv_path_FGREP='/bin/grep -F'
ac_cv_path_GREP=/bin/grep
ac_cv_path_PYTHON=/home/indraneel/anaconda3/bin/python
ac_cv_path_SED=/bin/sed
ac_cv_path_SWIG=/usr/bin/swig
ac_cv_path_install='/usr/bin/install -c'
ac_cv_path_lt_DD=/bin/dd
ac_cv_path_mkdir=/bin/mkdir
ac_cv_prog_AWK=gawk
ac_cv_prog_CPP='gcc -E'
ac_cv_prog_HAVE_DOXYGEN=no
ac_cv_prog_YACC='bison -y'
ac_cv_prog_ac_ct_AR=ar
ac_cv_prog_ac_ct_CC=gcc
ac_cv_prog_ac_ct_MANIFEST_TOOL=mt
ac_cv_prog_ac_ct_OBJDUMP=objdump
ac_cv_prog_ac_ct_RANLIB=ranlib
ac_cv_prog_ac_ct_STRIP=strip
ac_cv_prog_cc_c89=
ac_cv_prog_cc_c99=
ac_cv_prog_cc_g=yes
ac_cv_prog_cc_stdc=
ac_cv_prog_make_make_set=yes
ac_cv_search_strerror='none required'
ac_cv_sizeof_long=8
ac_cv_sizeof_long_long=8
ac_cv_type_long_long=yes
ac_cv_type_signal=void
am_cv_CC_dependencies_compiler_type=gcc3
am_cv_make_support_nested_variables=yes
am_cv_pathless_PYTHON=python
am_cv_prog_cc_c_o=yes
am_cv_python_platform=linux
am_cv_python_pyexecdir='${exec_prefix}/lib/python3.6/site-packages'
am_cv_python_pythondir='${prefix}/lib/python3.6/site-packages'
am_cv_python_version=3.6
lt_cv_ar_at_file=@
lt_cv_archive_cmds_need_lc=no
lt_cv_deplibs_check_method=pass_all
lt_cv_file_magic_cmd='$MAGIC_CMD'
lt_cv_file_magic_test_file=
lt_cv_ld_reload_flag=-r
lt_cv_nm_interface='BSD nm'
lt_cv_objdir=.libs
lt_cv_path_LD=/usr/bin/ld
lt_cv_path_NM='/usr/bin/nm -B'
lt_cv_path_mainfest_tool=no
lt_cv_prog_compiler_c_o=yes
lt_cv_prog_compiler_pic='-fPIC -DPIC'
lt_cv_prog_compiler_pic_works=yes
lt_cv_prog_compiler_rtti_exceptions=no
lt_cv_prog_compiler_static_works=yes
lt_cv_prog_gnu_ld=yes
lt_cv_sharedlib_from_linklib_cmd='printf %s\n'
lt_cv_shlibpath_overrides_runpath=no
lt_cv_sys_global_symbol_pipe='sed -n -e '\''s/^.*[	 ]\([ABCDGIRSTW][ABCDGIRSTW]*\)[	 ][	 ]*\([_A-Za-z][_A-Za-z0-9]*\)$/\1 \2 \2/p'\'' | sed '\''/ __gnu_lto/d'\'''
lt_cv_sys_global_symbol_to_c_name_address='sed -n -e '\''s/^: \(.*\) .*$/  {"\1", (void *) 0},/p'\'' -e '\''s/^[ABCDGIRSTW][ABCDGIRSTW]* .* \(.*\)$/  {"\1", (void *) \&\1},/p'\'''
lt_cv_sys_global_symbol_to_c_name_address_lib_prefix='sed -n -e '\''s/^: \(.*\) .*$/  {"\1", (void *) 0},/p'\'' -e '\''s/^[ABCDGIRSTW][ABCDGIRSTW]* .* \(lib.*\)$/  {"\1", (void *) \&\1},/p'\'' -e '\''s/^[ABCDGIRSTW][ABCDGIRSTW]* .* \(.*\)$/  {"lib\1", (void *) \&\1},/p'\'''
lt_cv_sys_global_symbol_to_cdecl='sed -n -e '\''s/^T .* \(.*\)$/extern int \1();/p'\'' -e '\''s/^[ABCDGIRSTW][ABCDGIRSTW]* .* \(.*\)$/extern char \1;/p'\'''
lt_cv_sys_global_symbol_to_import=
lt_cv_sys_max_cmd_len=1572864
lt_cv_to_host_file_cmd=func_convert_file_noop
lt_cv_to_tool_file_cmd=func_convert_file_noop
lt_cv_truncate_bin='/bin/dd bs=4096 count=1'

## ----------------- ##
## Output variables. ##
## ----------------- ##

ACLOCAL='${SHELL} /home/indraneel/learn/cmu_sphinx/sphinxbase-5prealpha/missing aclocal-1.15'
AMDEPBACKSLASH='\'
AMDEP_FALSE='#'
AMDEP_TRUE=''
AMTAR='$${TAR-tar}'
AM_BACKSLASH='\'
AM_DEFAULT_V='$(AM_DEFAULT_VERBOSITY)'
AM_DEFAULT_VERBOSITY='1'
AM_V='$(V)'
AR='ar'
AUTOCONF='${SHELL} /home/indraneel/learn/cmu_sphinx/sphinxbase-5prealpha/missing autoconf'
AUTOHEADER='${SHELL} /home/indraneel/learn/cmu_sphinx/sphinxbase-5prealpha/missing autoheader'
AUTOMAKE='${SHELL} /home/indraneel/learn/cmu_sphinx/sphinxbase-5prealpha/missing automake-1.15'
AWK='gawk'
BUILD_DOXYGEN_FALSE=''
BUILD_DOXYGEN_TRUE='#'
BUILD_SWIG_FALSE='#'
BUILD_SWIG_TRUE=''
CC='gcc'
CCDEPMODE='depmode=gcc3'
CFLAGS='-g -O2 -Wall'
CPP='gcc -E'
CPPFLAGS=''
CYGPATH_W='echo'
DEFS='-DHAVE_CONFIG_H'
DEPDIR='.deps'
DLLTOOL='false'
DSYMUTIL=''
DUMPBIN=''
ECHO_C=''
ECHO_N='-n'
ECHO_T=''
EGREP='/bin/grep -E'
EXEEXT=''
FGREP='/bin/grep -F'
FIXED_POINT_FALSE=''
FIXED_POINT_TRUE='#'
GREP='/bin/grep'
HAVE_DOXYGEN='no'
INSTALL_DATA='${INSTALL} -m 644'
INSTALL_PROGRAM='${INSTALL}'
INSTALL_SCRIPT='${INSTALL}'
INSTALL_STRIP_PROGRAM='$(install_sh) -c -s'
LAPACK_LITE_FALSE=''
LAPACK_LITE_TRUE='#'
LD='/usr/bin/ld -m elf_x86_64'
LDFLAGS=''
LIBOBJS=''
LIBS='-lpthread -lm -lblas -llapack '
LIBTOOL='$(SHELL) $(top_builddir)/libtool'
LIPO=''
LN_S='ln -s'
LTLIBOBJS=''
LT_SYS_LIBRARY_PATH=''
MAKEINFO='${SHELL} /home/indraneel/learn/cmu_sphinx/sphinxbase-5prealpha/missing makeinfo'
MANIFEST_TOOL=':'
MKDIR_P='/bin/mkdir -p'
NM='/usr/bin/nm -B'
NMEDIT=''
OBJDUMP='objdump'
OBJEXT='o'
OTOOL64=''
OTOOL=''
PACKAGE='sphinxbase'
PACKAGE_BUGREPORT=''
PACKAGE_NAME='sphinxbase'
PACKAGE_STRING='sphinxbase 5prealpha'
PACKAGE_TARNAME='sphinxbase'
PACKAGE_URL=''
PACKAGE_VERSION='5prealpha'
PATH_SEPARATOR=':'
PYTHON='/home/indraneel/anaconda3/bin/python'
PYTHON_CPPFLAGS='-I/home/indraneel/anaconda3/include/python3.6m'
PYTHON_EXEC_PREFIX='${exec_prefix}'
PYTHON_EXTRA_LDFLAGS='-Xlinker -export-dynamic'
PYTHON_EXTRA_LIBS='-lpthread -ldl -lutil -lrt -lm'
PYTHON_LDFLAGS='-L/home/indraneel/anaconda3/lib -lpython3.6m'
PYTHON_PLATFORM='linux'
PYTHON_PREFIX='${prefix}'
PYTHON_SITE_PKG='/home/indraneel/anaconda3/lib/python3.6/site-packages'
PYTHON_VERSION='3.6'
RANLIB='ranlib'
SED='/bin/sed'
SET_MAKE=''
SHELL='/bin/bash'
STRIP='strip'
SWIG='/usr/bin/swig'
SWIG_LIB='/usr/share/swig3.0'
USE_LAPACK_FALSE='#'
USE_LAPACK_TRUE=''
USE_THREADS_FALSE='#'
USE_THREADS_TRUE=''
VERSION='5prealpha'
YACC='bison -y'
ac_ct_AR='ar'
ac_ct_CC='gcc'
ac_ct_DUMPBIN=''
ad_cppflags=''
ad_files='ad_oss.lo'
ad_libs=''
am__EXEEXT_FALSE=''
am__EXEEXT_TRUE='#'
am__fastdepCC_FALSE='#'
am__fastdepCC_TRUE=''
am__include='include'
am__isrc=''
am__leading_dot='.'
am__nodep='_no'
am__quote=''
am__tar='$${TAR-tar} chof - "$$tardir"'
am__untar='$${TAR-tar} xf -'
bindir='${exec_prefix}/bin'
build='x86_64-unknown-linux-gnu'
build_alias=''
build_cpu='x86_64'
build_os='linux-gnu'
build_vendor='unknown'
datadir='${datarootdir}'
datarootdir='${prefix}/share'
docdir='${datarootdir}/doc/${PACKAGE_TARNAME}'
dvidir='${docdir}'
exec_prefix='${prefix}'
host='x86_64-unknown-linux-gnu'
host_alias=''
host_cpu='x86_64'
host_os='linux-gnu'
host_vendor='unknown'
htmldir='${docdir}'
includedir='${prefix}/include'
infodir='${datarootdir}/info'
install_sh='${SHELL} /home/indraneel/learn/cmu_sphinx/sphinxbase-5prealpha/install-sh'
libdir='${exec_prefix}/lib'
libexecdir='${exec_prefix}/libexec'
localedir='${datarootdir}/locale'
localstatedir='${prefix}/var'
mandir='${datarootdir}/man'
mkdir_p='$(MKDIR_P)'
oldincludedir='/usr/include'
pdfdir='${docdir}'
pkgpyexecdir='${pyexecdir}/sphinxbase'
pkgpythondir='${pythondir}/sphinxbase'
prefix='/usr/local'
program_transform_name='s,x,x,'
psdir='${docdir}'
pyexecdir='${exec_prefix}/lib/python3.6/site-packages'
pythondir='${prefix}/lib/python3.6/site-packages'
runstatedir='${localstatedir}/run'
sbindir='${exec_prefix}/sbin'
sharedstatedir='${prefix}/com'
sysconfdir='${prefix}/etc'
target_alias=''

## ----------- ##
## confdefs.h. ##
## ----------- ##

/* confdefs.h */
#define PACKAGE_NAME "sphinxbase"
#define PACKAGE_TARNAME "sphinxbase"
#define PACKAGE_VERSION "5prealpha"
#define PACKAGE_STRING "sphinxbase 5prealpha"
#define PACKAGE_BUGREPORT ""
#define PACKAGE_URL ""
#define STDC_HEADERS 1
#define HAVE_SYS_TYPES_H 1
#define HAVE_SYS_STAT_H 1
#define HAVE_STDLIB_H 1
#define HAVE_STRING_H 1
#define HAVE_MEMORY_H 1
#define HAVE_STRINGS_H 1
#define HAVE_INTTYPES_H 1
#define HAVE_STDINT_H 1
#define HAVE_UNISTD_H 1
#define HAVE_DLFCN_H 1
#define LT_OBJDIR ".libs/"
#define STDC_HEADERS 1
#define RETSIGTYPE void
#define HAVE_LONG_LONG 1
#define SIZEOF_LONG_LONG 8
#define SIZEOF_LONG 8
#define HAVE_POPEN 1
#define HAVE_PERROR 1
#define HAVE_SNPRINTF 1
#define HAVE_LIBLAPACK 1
#define HAVE_LIBBLAS 1
#define WITH_LAPACK /**/
#define HAVE_LIBM 1
#define HAVE_PTHREAD_H 1
#define HAVE_LIBPTHREAD 1
#define ENABLE_THREADS /**/
#define HAVE_PYTHON "3.6"

configure: exit 0

## ---------------------- ##
## Running config.status. ##
## ---------------------- ##

This file was extended by sphinxbase config.status 5prealpha, which was
generated by GNU Autoconf 2.69.  Invocation command line was

  CONFIG_FILES    = 
  CONFIG_HEADERS  = 
  CONFIG_LINKS    = 
  CONFIG_COMMANDS = 
  $ ./config.status include/config.h

on indraneel-Macmini

config.status:1171: creating include/config.h
config.status:1352: include/config.h is unchanged
